[ 14%] Built target keyboardcontrol
[ 28%] Built target webappcontrol
[ 42%] Built target getposecmd_tf2
[ 57%] Built target getposecmd
[ 64%] [32mBuilding CXX object CMakeFiles/movepointcmd.dir/src/movepointcmd.cpp.o[0m
[ 78%] Built target movecirclecmd
[ 92%] Built target setgrippercmd
[01m[K/home/changgyu/roarm_ws/roarm_ws_em0/src/roarm_main/roarm_moveit_cmd/src/movepointcmd.cpp:[m[K In member function ‘[01m[Kbool MovePointCmdNode::go_to_joint(double, double, double)[m[K’:
[01m[K/home/changgyu/roarm_ws/roarm_ws_em0/src/roarm_main/roarm_moveit_cmd/src/movepointcmd.cpp:186:92:[m[K [01;35m[Kwarning: [m[K‘[01m[Kusing MoveItErrorCode = class moveit::core::MoveItErrorCode[m[K’ is deprecated: Use moveit::core::MoveItErrorCode [[01;35m[K]8;;https://gcc.gnu.org/onlinedocs/gcc/Warning-Options.html#index-Wdeprecated-declarations-Wdeprecated-declarations]8;;[m[K]
  186 |     auto ok_plan = (move_group_.plan(plan) == moveit::planning_interface::MoveItErrorCode::[01;35m[KSUCCESS[m[K);
      |                                                                                            [01;35m[K^~~~~~~[m[K
In file included from [01m[K/home/changgyu/roarm_ws/roarm_ws_em0/src/roarm_main/roarm_moveit_cmd/src/movepointcmd.cpp:13[m[K:
[01m[K/opt/ros/humble/include/moveit/move_group_interface/move_group_interface.h:71:7:[m[K [01;36m[Knote: [m[Kdeclared here
   71 | using [01;36m[KMoveItErrorCode[m[K [[deprecated("Use moveit::core::MoveItErrorCode")]] = moveit::core::MoveItErrorCode;
      |       [01;36m[K^~~~~~~~~~~~~~~[m[K
[01m[K/home/changgyu/roarm_ws/roarm_ws_em0/src/roarm_main/roarm_moveit_cmd/src/movepointcmd.cpp:191:95:[m[K [01;35m[Kwarning: [m[K‘[01m[Kusing MoveItErrorCode = class moveit::core::MoveItErrorCode[m[K’ is deprecated: Use moveit::core::MoveItErrorCode [[01;35m[K]8;;https://gcc.gnu.org/onlinedocs/gcc/Warning-Options.html#index-Wdeprecated-declarations-Wdeprecated-declarations]8;;[m[K]
  191 |     auto ok_exec = (move_group_.execute(plan) == moveit::planning_interface::MoveItErrorCode::[01;35m[KSUCCESS[m[K);
      |                                                                                               [01;35m[K^~~~~~~[m[K
In file included from [01m[K/home/changgyu/roarm_ws/roarm_ws_em0/src/roarm_main/roarm_moveit_cmd/src/movepointcmd.cpp:13[m[K:
[01m[K/opt/ros/humble/include/moveit/move_group_interface/move_group_interface.h:71:7:[m[K [01;36m[Knote: [m[Kdeclared here
   71 | using [01;36m[KMoveItErrorCode[m[K [[deprecated("Use moveit::core::MoveItErrorCode")]] = moveit::core::MoveItErrorCode;
      |       [01;36m[K^~~~~~~~~~~~~~~[m[K
[100%] [32m[1mLinking CXX executable movepointcmd[0m
[100%] Built target movepointcmd
-- Install configuration: "Release"
-- Up-to-date: /home/changgyu/roarm_ws/roarm_ws_em0/install/roarm_moveit_cmd/lib/roarm_moveit_cmd/getposecmd
-- Up-to-date: /home/changgyu/roarm_ws/roarm_ws_em0/install/roarm_moveit_cmd/lib/roarm_moveit_cmd/getposecmd_tf2
-- Up-to-date: /home/changgyu/roarm_ws/roarm_ws_em0/install/roarm_moveit_cmd/lib/roarm_moveit_cmd/keyboardcontrol
-- Installing: /home/changgyu/roarm_ws/roarm_ws_em0/install/roarm_moveit_cmd/lib/roarm_moveit_cmd/movepointcmd
-- Set non-toolchain portion of runtime path of "/home/changgyu/roarm_ws/roarm_ws_em0/install/roarm_moveit_cmd/lib/roarm_moveit_cmd/movepointcmd" to ""
-- Up-to-date: /home/changgyu/roarm_ws/roarm_ws_em0/install/roarm_moveit_cmd/lib/roarm_moveit_cmd/movecirclecmd
-- Up-to-date: /home/changgyu/roarm_ws/roarm_ws_em0/install/roarm_moveit_cmd/lib/roarm_moveit_cmd/webappcontrol
-- Up-to-date: /home/changgyu/roarm_ws/roarm_ws_em0/install/roarm_moveit_cmd/lib/roarm_moveit_cmd/setgrippercmd
-- Up-to-date: /home/changgyu/roarm_ws/roarm_ws_em0/install/roarm_moveit_cmd/share/roarm_moveit_cmd/launch
-- Up-to-date: /home/changgyu/roarm_ws/roarm_ws_em0/install/roarm_moveit_cmd/share/roarm_moveit_cmd/launch/command_control.launch.py
-- Up-to-date: /home/changgyu/roarm_ws/roarm_ws_em0/install/roarm_moveit_cmd/share/roarm_moveit_cmd/config
-- Up-to-date: /home/changgyu/roarm_ws/roarm_ws_em0/install/roarm_moveit_cmd/share/roarm_moveit_cmd/config/command_control.rviz
-- Up-to-date: /home/changgyu/roarm_ws/roarm_ws_em0/install/roarm_moveit_cmd/share/ament_index/resource_index/package_run_dependencies/roarm_moveit_cmd
-- Up-to-date: /home/changgyu/roarm_ws/roarm_ws_em0/install/roarm_moveit_cmd/share/ament_index/resource_index/parent_prefix_path/roarm_moveit_cmd
-- Up-to-date: /home/changgyu/roarm_ws/roarm_ws_em0/install/roarm_moveit_cmd/share/roarm_moveit_cmd/environment/ament_prefix_path.sh
-- Up-to-date: /home/changgyu/roarm_ws/roarm_ws_em0/install/roarm_moveit_cmd/share/roarm_moveit_cmd/environment/ament_prefix_path.dsv
-- Up-to-date: /home/changgyu/roarm_ws/roarm_ws_em0/install/roarm_moveit_cmd/share/roarm_moveit_cmd/environment/path.sh
-- Up-to-date: /home/changgyu/roarm_ws/roarm_ws_em0/install/roarm_moveit_cmd/share/roarm_moveit_cmd/environment/path.dsv
-- Up-to-date: /home/changgyu/roarm_ws/roarm_ws_em0/install/roarm_moveit_cmd/share/roarm_moveit_cmd/local_setup.bash
-- Up-to-date: /home/changgyu/roarm_ws/roarm_ws_em0/install/roarm_moveit_cmd/share/roarm_moveit_cmd/local_setup.sh
-- Up-to-date: /home/changgyu/roarm_ws/roarm_ws_em0/install/roarm_moveit_cmd/share/roarm_moveit_cmd/local_setup.zsh
-- Up-to-date: /home/changgyu/roarm_ws/roarm_ws_em0/install/roarm_moveit_cmd/share/roarm_moveit_cmd/local_setup.dsv
-- Installing: /home/changgyu/roarm_ws/roarm_ws_em0/install/roarm_moveit_cmd/share/roarm_moveit_cmd/package.dsv
-- Up-to-date: /home/changgyu/roarm_ws/roarm_ws_em0/install/roarm_moveit_cmd/share/ament_index/resource_index/packages/roarm_moveit_cmd
-- Up-to-date: /home/changgyu/roarm_ws/roarm_ws_em0/install/roarm_moveit_cmd/share/roarm_moveit_cmd/cmake/ament_cmake_export_dependencies-extras.cmake
-- Up-to-date: /home/changgyu/roarm_ws/roarm_ws_em0/install/roarm_moveit_cmd/share/roarm_moveit_cmd/cmake/ament_cmake_export_include_directories-extras.cmake
-- Up-to-date: /home/changgyu/roarm_ws/roarm_ws_em0/install/roarm_moveit_cmd/share/roarm_moveit_cmd/cmake/roarm_moveit_cmdConfig.cmake
-- Up-to-date: /home/changgyu/roarm_ws/roarm_ws_em0/install/roarm_moveit_cmd/share/roarm_moveit_cmd/cmake/roarm_moveit_cmdConfig-version.cmake
-- Up-to-date: /home/changgyu/roarm_ws/roarm_ws_em0/install/roarm_moveit_cmd/share/roarm_moveit_cmd/package.xml
