[2.116s] Invoking command in '/home/changgyu/roarm_ws/roarm_ws_em0/src/roarm_else/ros2web-ros2/examples/ros2web_example_py': AMENT_PREFIX_PATH=/home/changgyu/roarm_ws/roarm_ws_em0/install/ros2web:/home/changgyu/roarm_ws/roarm_ws_em0/install/ros2web_interfaces:${AMENT_PREFIX_PATH} CMAKE_PREFIX_PATH=/home/changgyu/roarm_ws/roarm_ws_em0/install/ros2web_interfaces LD_LIBRARY_PATH=/home/changgyu/roarm_ws/roarm_ws_em0/install/ros2web_interfaces/lib:/opt/ros/humble/opt/rviz_ogre_vendor/lib:/opt/ros/humble/lib/aarch64-linux-gnu:/opt/ros/humble/lib:/home/changgyu/onnxruntime/build/Linux/Release:/usr/local/cuda/lib64:/usr/local/cuda-12.6/lib64 PYTHONPATH=/home/changgyu/roarm_ws/roarm_ws_em0/build/ros2web_example_py/prefix_override:/usr/lib/python3/dist-packages/colcon_core/task/python/colcon_distutils_commands:/home/changgyu/roarm_ws/roarm_ws_em0/install/ros2web_example_py/lib/python3.10/site-packages:/home/changgyu/roarm_ws/roarm_ws_em0/install/ros2web/lib/python3.10/site-packages:/home/changgyu/roarm_ws/roarm_ws_em0/install/ros2web_interfaces/local/lib/python3.10/dist-packages:${PYTHONPATH} /usr/bin/python3 -W ignore:setup.py install is deprecated -W ignore:easy_install command is deprecated setup.py egg_info --egg-base ../../../../../build/ros2web_example_py build --build-base /home/changgyu/roarm_ws/roarm_ws_em0/build/ros2web_example_py/build install --record /home/changgyu/roarm_ws/roarm_ws_em0/build/ros2web_example_py/install.log --single-version-externally-managed install_data
[2.657s] running egg_info
[2.658s] creating ../../../../../build/ros2web_example_py/ros2web_example_py.egg-info
[2.658s] writing ../../../../../build/ros2web_example_py/ros2web_example_py.egg-info/PKG-INFO
[2.659s] writing dependency_links to ../../../../../build/ros2web_example_py/ros2web_example_py.egg-info/dependency_links.txt
[2.659s] writing entry points to ../../../../../build/ros2web_example_py/ros2web_example_py.egg-info/entry_points.txt
[2.659s] writing requirements to ../../../../../build/ros2web_example_py/ros2web_example_py.egg-info/requires.txt
[2.659s] writing top-level names to ../../../../../build/ros2web_example_py/ros2web_example_py.egg-info/top_level.txt
[2.660s] writing manifest file '../../../../../build/ros2web_example_py/ros2web_example_py.egg-info/SOURCES.txt'
[2.665s] reading manifest file '../../../../../build/ros2web_example_py/ros2web_example_py.egg-info/SOURCES.txt'
[2.666s] writing manifest file '../../../../../build/ros2web_example_py/ros2web_example_py.egg-info/SOURCES.txt'
[2.666s] running build
[2.666s] running build_py
[2.667s] creating /home/changgyu/roarm_ws/roarm_ws_em0/build/ros2web_example_py/build
[2.667s] creating /home/changgyu/roarm_ws/roarm_ws_em0/build/ros2web_example_py/build/lib
[2.667s] creating /home/changgyu/roarm_ws/roarm_ws_em0/build/ros2web_example_py/build/lib/ros2web_example_py
[2.667s] copying ros2web_example_py/form.py -> /home/changgyu/roarm_ws/roarm_ws_em0/build/ros2web_example_py/build/lib/ros2web_example_py
[2.841s] copying ros2web_example_py/__init__.py -> /home/changgyu/roarm_ws/roarm_ws_em0/build/ros2web_example_py/build/lib/ros2web_example_py
[2.841s] copying ros2web_example_py/api.py -> /home/changgyu/roarm_ws/roarm_ws_em0/build/ros2web_example_py/build/lib/ros2web_example_py
[2.870s] running install
[2.871s] running install_lib
[2.873s] creating /home/changgyu/roarm_ws/roarm_ws_em0/install/ros2web_example_py/lib/python3.10/site-packages/ros2web_example_py
[2.874s] copying /home/changgyu/roarm_ws/roarm_ws_em0/build/ros2web_example_py/build/lib/ros2web_example_py/form.py -> /home/changgyu/roarm_ws/roarm_ws_em0/install/ros2web_example_py/lib/python3.10/site-packages/ros2web_example_py
[2.874s] copying /home/changgyu/roarm_ws/roarm_ws_em0/build/ros2web_example_py/build/lib/ros2web_example_py/__init__.py -> /home/changgyu/roarm_ws/roarm_ws_em0/install/ros2web_example_py/lib/python3.10/site-packages/ros2web_example_py
[2.875s] copying /home/changgyu/roarm_ws/roarm_ws_em0/build/ros2web_example_py/build/lib/ros2web_example_py/api.py -> /home/changgyu/roarm_ws/roarm_ws_em0/install/ros2web_example_py/lib/python3.10/site-packages/ros2web_example_py
[2.876s] byte-compiling /home/changgyu/roarm_ws/roarm_ws_em0/install/ros2web_example_py/lib/python3.10/site-packages/ros2web_example_py/form.py to form.cpython-310.pyc
[2.878s] byte-compiling /home/changgyu/roarm_ws/roarm_ws_em0/install/ros2web_example_py/lib/python3.10/site-packages/ros2web_example_py/__init__.py to __init__.cpython-310.pyc
[2.878s] byte-compiling /home/changgyu/roarm_ws/roarm_ws_em0/install/ros2web_example_py/lib/python3.10/site-packages/ros2web_example_py/api.py to api.cpython-310.pyc
[2.879s] running install_data
[2.879s] creating /home/changgyu/roarm_ws/roarm_ws_em0/install/ros2web_example_py/share/ament_index
[2.880s] creating /home/changgyu/roarm_ws/roarm_ws_em0/install/ros2web_example_py/share/ament_index/resource_index
[2.880s] creating /home/changgyu/roarm_ws/roarm_ws_em0/install/ros2web_example_py/share/ament_index/resource_index/packages
[2.880s] copying resource/ros2web_example_py -> /home/changgyu/roarm_ws/roarm_ws_em0/install/ros2web_example_py/share/ament_index/resource_index/packages
[2.880s] copying package.xml -> /home/changgyu/roarm_ws/roarm_ws_em0/install/ros2web_example_py/share/ros2web_example_py
[2.881s] running install_egg_info
[2.885s] Copying ../../../../../build/ros2web_example_py/ros2web_example_py.egg-info to /home/changgyu/roarm_ws/roarm_ws_em0/install/ros2web_example_py/lib/python3.10/site-packages/ros2web_example_py-0.0.0-py3.10.egg-info
[2.887s] running install_scripts
[2.946s] Installing api script to /home/changgyu/roarm_ws/roarm_ws_em0/install/ros2web_example_py/lib/ros2web_example_py
[2.947s] Installing form script to /home/changgyu/roarm_ws/roarm_ws_em0/install/ros2web_example_py/lib/ros2web_example_py
[2.948s] writing list of installed files to '/home/changgyu/roarm_ws/roarm_ws_em0/build/ros2web_example_py/install.log'
[3.040s] Invoked command in '/home/changgyu/roarm_ws/roarm_ws_em0/src/roarm_else/ros2web-ros2/examples/ros2web_example_py' returned '0': AMENT_PREFIX_PATH=/home/changgyu/roarm_ws/roarm_ws_em0/install/ros2web:/home/changgyu/roarm_ws/roarm_ws_em0/install/ros2web_interfaces:${AMENT_PREFIX_PATH} CMAKE_PREFIX_PATH=/home/changgyu/roarm_ws/roarm_ws_em0/install/ros2web_interfaces LD_LIBRARY_PATH=/home/changgyu/roarm_ws/roarm_ws_em0/install/ros2web_interfaces/lib:/opt/ros/humble/opt/rviz_ogre_vendor/lib:/opt/ros/humble/lib/aarch64-linux-gnu:/opt/ros/humble/lib:/home/changgyu/onnxruntime/build/Linux/Release:/usr/local/cuda/lib64:/usr/local/cuda-12.6/lib64 PYTHONPATH=/home/changgyu/roarm_ws/roarm_ws_em0/build/ros2web_example_py/prefix_override:/usr/lib/python3/dist-packages/colcon_core/task/python/colcon_distutils_commands:/home/changgyu/roarm_ws/roarm_ws_em0/install/ros2web_example_py/lib/python3.10/site-packages:/home/changgyu/roarm_ws/roarm_ws_em0/install/ros2web/lib/python3.10/site-packages:/home/changgyu/roarm_ws/roarm_ws_em0/install/ros2web_interfaces/local/lib/python3.10/dist-packages:${PYTHONPATH} /usr/bin/python3 -W ignore:setup.py install is deprecated -W ignore:easy_install command is deprecated setup.py egg_info --egg-base ../../../../../build/ros2web_example_py build --build-base /home/changgyu/roarm_ws/roarm_ws_em0/build/ros2web_example_py/build install --record /home/changgyu/roarm_ws/roarm_ws_em0/build/ros2web_example_py/install.log --single-version-externally-managed install_data
