[0.042s] Invoking command in '/home/changgyu/roarm_ws/roarm_ws_em0/build/roarm_description': CMAKE_PREFIX_PATH=/opt/ros/humble /usr/local/bin/cmake /home/changgyu/roarm_ws/roarm_ws_em0/src/roarm_main/roarm_description -DCMAKE_INSTALL_PREFIX=/home/changgyu/roarm_ws/roarm_ws_em0/install/roarm_description
[0.590s] -- Found ament_cmake: 1.3.12 (/opt/ros/humble/share/ament_cmake/cmake)
[0.591s] -- Found Python3: /usr/bin/python3 (found version "3.10.12") found components: Interpreter
[0.602s] -- Found ament_lint_auto: 0.12.14 (/opt/ros/humble/share/ament_lint_auto/cmake)
[0.808s] -- Added test 'flake8' to check Python code syntax and style conventions
[0.809s] -- Added test 'lint_cmake' to check CMake code style
[0.812s] -- Added test 'pep257' to check Python code against some of the docstring style conventions in PEP 257
[0.816s] -- Added test 'xmllint' to check XML markup files
[0.820s] -- Configuring done (0.8s)
[0.829s] -- Generating done (0.0s)
[0.832s] -- Build files have been written to: /home/changgyu/roarm_ws/roarm_ws_em0/build/roarm_description
[0.838s] Invoked command in '/home/changgyu/roarm_ws/roarm_ws_em0/build/roarm_description' returned '0': CMAKE_PREFIX_PATH=/opt/ros/humble /usr/local/bin/cmake /home/changgyu/roarm_ws/roarm_ws_em0/src/roarm_main/roarm_description -DCMAKE_INSTALL_PREFIX=/home/changgyu/roarm_ws/roarm_ws_em0/install/roarm_description
[0.842s] Invoking command in '/home/changgyu/roarm_ws/roarm_ws_em0/build/roarm_description': CMAKE_PREFIX_PATH=/opt/ros/humble /usr/local/bin/cmake --build /home/changgyu/roarm_ws/roarm_ws_em0/build/roarm_description -- -j6 -l6
[0.870s] Invoked command in '/home/changgyu/roarm_ws/roarm_ws_em0/build/roarm_description' returned '0': CMAKE_PREFIX_PATH=/opt/ros/humble /usr/local/bin/cmake --build /home/changgyu/roarm_ws/roarm_ws_em0/build/roarm_description -- -j6 -l6
[0.879s] Invoking command in '/home/changgyu/roarm_ws/roarm_ws_em0/build/roarm_description': CMAKE_PREFIX_PATH=/opt/ros/humble /usr/local/bin/cmake --install /home/changgyu/roarm_ws/roarm_ws_em0/build/roarm_description
[0.883s] -- Install configuration: ""
[0.883s] -- Installing: /home/changgyu/roarm_ws/roarm_ws_em0/install/roarm_description/share/roarm_description/config
[0.883s] -- Installing: /home/changgyu/roarm_ws/roarm_ws_em0/install/roarm_description/share/roarm_description/config/joint_names_roarm.yaml
[0.884s] -- Installing: /home/changgyu/roarm_ws/roarm_ws_em0/install/roarm_description/share/roarm_description/config/roarm_description.rviz
[0.884s] -- Installing: /home/changgyu/roarm_ws/roarm_ws_em0/install/roarm_description/share/roarm_description/launch
[0.884s] -- Installing: /home/changgyu/roarm_ws/roarm_ws_em0/install/roarm_description/share/roarm_description/launch/display.launch.py
[0.884s] -- Installing: /home/changgyu/roarm_ws/roarm_ws_em0/install/roarm_description/share/roarm_description/meshes
[0.884s] -- Installing: /home/changgyu/roarm_ws/roarm_ws_em0/install/roarm_description/share/roarm_description/meshes/link1.STL
[0.885s] -- Installing: /home/changgyu/roarm_ws/roarm_ws_em0/install/roarm_description/share/roarm_description/meshes/link2.STL
[0.885s] -- Installing: /home/changgyu/roarm_ws/roarm_ws_em0/install/roarm_description/share/roarm_description/meshes/base_link.STL
[0.885s] -- Installing: /home/changgyu/roarm_ws/roarm_ws_em0/install/roarm_description/share/roarm_description/meshes/gripper_link.STL
[0.886s] -- Installing: /home/changgyu/roarm_ws/roarm_ws_em0/install/roarm_description/share/roarm_description/meshes/link3.STL
[0.886s] -- Installing: /home/changgyu/roarm_ws/roarm_ws_em0/install/roarm_description/share/roarm_description/urdf
[0.886s] -- Installing: /home/changgyu/roarm_ws/roarm_ws_em0/install/roarm_description/share/roarm_description/urdf/roarm_description.csv
[0.887s] -- Installing: /home/changgyu/roarm_ws/roarm_ws_em0/install/roarm_description/share/roarm_description/urdf/roarm_description_web_app.urdf
[0.887s] -- Installing: /home/changgyu/roarm_ws/roarm_ws_em0/install/roarm_description/share/roarm_description/urdf/roarm_description.urdf
[0.887s] -- Installing: /home/changgyu/roarm_ws/roarm_ws_em0/install/roarm_description/share/ament_index/resource_index/package_run_dependencies/roarm_description
[0.888s] -- Installing: /home/changgyu/roarm_ws/roarm_ws_em0/install/roarm_description/share/ament_index/resource_index/parent_prefix_path/roarm_description
[0.888s] -- Installing: /home/changgyu/roarm_ws/roarm_ws_em0/install/roarm_description/share/roarm_description/environment/ament_prefix_path.sh
[0.888s] -- Installing: /home/changgyu/roarm_ws/roarm_ws_em0/install/roarm_description/share/roarm_description/environment/ament_prefix_path.dsv
[0.888s] -- Installing: /home/changgyu/roarm_ws/roarm_ws_em0/install/roarm_description/share/roarm_description/environment/path.sh
[0.889s] -- Installing: /home/changgyu/roarm_ws/roarm_ws_em0/install/roarm_description/share/roarm_description/environment/path.dsv
[0.889s] -- Installing: /home/changgyu/roarm_ws/roarm_ws_em0/install/roarm_description/share/roarm_description/local_setup.bash
[0.890s] -- Installing: /home/changgyu/roarm_ws/roarm_ws_em0/install/roarm_description/share/roarm_description/local_setup.sh
[0.890s] -- Installing: /home/changgyu/roarm_ws/roarm_ws_em0/install/roarm_description/share/roarm_description/local_setup.zsh
[0.890s] -- Installing: /home/changgyu/roarm_ws/roarm_ws_em0/install/roarm_description/share/roarm_description/local_setup.dsv
[0.890s] -- Installing: /home/changgyu/roarm_ws/roarm_ws_em0/install/roarm_description/share/roarm_description/package.dsv
[0.890s] -- Installing: /home/changgyu/roarm_ws/roarm_ws_em0/install/roarm_description/share/ament_index/resource_index/packages/roarm_description
[0.891s] -- Installing: /home/changgyu/roarm_ws/roarm_ws_em0/install/roarm_description/share/roarm_description/cmake/roarm_descriptionConfig.cmake
[0.891s] -- Installing: /home/changgyu/roarm_ws/roarm_ws_em0/install/roarm_description/share/roarm_description/cmake/roarm_descriptionConfig-version.cmake
[0.891s] -- Installing: /home/changgyu/roarm_ws/roarm_ws_em0/install/roarm_description/share/roarm_description/package.xml
[0.895s] Invoked command in '/home/changgyu/roarm_ws/roarm_ws_em0/build/roarm_description' returned '0': CMAKE_PREFIX_PATH=/opt/ros/humble /usr/local/bin/cmake --install /home/changgyu/roarm_ws/roarm_ws_em0/build/roarm_description
