[0.471s] Invoking command in '/home/changgyu/roarm_ws/roarm_ws_em0/build/roarm_moveit_ikfast_plugins': /usr/local/bin/cmake /home/changgyu/roarm_ws/roarm_ws_em0/src/roarm_main/roarm_moveit_ikfast_plugins -DCMAKE_INSTALL_PREFIX=/home/changgyu/roarm_ws/roarm_ws_em0/install/roarm_moveit_ikfast_plugins
[0.585s] -- The C compiler identification is GNU 11.4.0
[0.691s] -- The CXX compiler identification is GNU 11.4.0
[0.712s] -- Detecting C compiler ABI info
[0.824s] -- Detecting C compiler ABI info - done
[0.852s] -- Check for working C compiler: /usr/bin/cc - skipped
[0.853s] -- Detecting C compile features
[0.854s] -- Detecting C compile features - done
[0.861s] -- Detecting CXX compiler ABI info
[0.981s] -- Detecting CXX compiler ABI info - done
[1.011s] -- Check for working CXX compiler: /usr/bin/c++ - skipped
[1.012s] -- Detecting CXX compile features
[1.013s] -- Detecting CXX compile features - done
[1.031s] [31mCMake Error at CMakeLists.txt:10 (find_package):
[1.031s]   By not providing "Findament_cmake.cmake" in CMAKE_MODULE_PATH this project
[1.031s]   has asked CMake to find a package configuration file provided by
[1.031s]   "ament_cmake", but CMake did not find one.
[1.032s] 
[1.032s]   Could not find a package configuration file provided by "ament_cmake" with
[1.032s]   any of the following names:
[1.032s] 
[1.032s]     ament_cmakeConfig.cmake
[1.033s]     ament_cmake-config.cmake
[1.033s] 
[1.033s]   Add the installation prefix of "ament_cmake" to CMAKE_PREFIX_PATH or set
[1.033s]   "ament_cmake_DIR" to a directory containing one of the above files.  If
[1.034s]   "ament_cmake" provides a separate development package or SDK, be sure it
[1.034s]   has been installed.
[1.034s] 
[1.034s] [0m
[1.034s] -- Configuring incomplete, errors occurred!
