[0.041s] Invoking command in '/home/changgyu/roarm_ws/roarm_ws_em0/build/moveit_servo': CMAKE_PREFIX_PATH=/opt/ros/humble /usr/local/bin/cmake /home/changgyu/roarm_ws/roarm_ws_em0/src/roarm_main/moveit_servo -DCMAKE_INSTALL_PREFIX=/home/changgyu/roarm_ws/roarm_ws_em0/install/moveit_servo
[0.585s] -- Found moveit_common: 2.5.9 (/opt/ros/humble/share/moveit_common/cmake)
[0.585s] -- Found ament_cmake: 1.3.12 (/opt/ros/humble/share/ament_cmake/cmake)
[0.587s] -- Found Python3: /usr/bin/python3 (found version "3.10.12") found components: Interpreter
[0.737s] [0mmoveit_servo: You did not request a specific build type: Choosing 'Release' for maximum performance[0m
[0.743s] -- Found eigen3_cmake_module: 0.1.1 (/opt/ros/humble/share/eigen3_cmake_module/cmake)
[0.774s] -- Found Eigen3: TRUE (found version "3.4.0")
[0.779s] -- Found control_msgs: 4.8.0 (/opt/ros/humble/share/control_msgs/cmake)
[0.885s] -- Found rosidl_generator_c: 3.1.7 (/opt/ros/humble/share/rosidl_generator_c/cmake)
[0.895s] -- Found rosidl_adapter: 3.1.7 (/opt/ros/humble/share/rosidl_adapter/cmake)
[0.913s] -- Found rosidl_generator_cpp: 3.1.7 (/opt/ros/humble/share/rosidl_generator_cpp/cmake)
[0.941s] -- Using all available rosidl_typesupport_c: rosidl_typesupport_fastrtps_c;rosidl_typesupport_introspection_c
[0.977s] -- Using all available rosidl_typesupport_cpp: rosidl_typesupport_fastrtps_cpp;rosidl_typesupport_introspection_cpp
[1.477s] -- Found control_toolbox: 3.6.1 (/opt/ros/humble/share/control_toolbox/cmake)
[1.651s] -- Found rmw_implementation_cmake: 6.1.2 (/opt/ros/humble/share/rmw_implementation_cmake/cmake)
[1.661s] -- Found rmw_fastrtps_cpp: 6.2.8 (/opt/ros/humble/share/rmw_fastrtps_cpp/cmake)
[1.916s] -- Found OpenSSL: /usr/lib/aarch64-linux-gnu/libcrypto.so (found version "3.0.2")
[1.986s] -- Found FastRTPS: /opt/ros/humble/include
[2.070s] -- Using RMW implementation 'rmw_fastrtps_cpp' as default
[2.097s] -- Performing Test CMAKE_HAVE_LIBC_PTHREAD
[2.295s] -- Performing Test CMAKE_HAVE_LIBC_PTHREAD - Success
[2.297s] -- Found Threads: TRUE
[2.685s] -- Found moveit_core: 2.5.9 (/opt/ros/humble/share/moveit_core/cmake)
[2.746s] -- Found Boost: /usr/lib/aarch64-linux-gnu/cmake/Boost-1.74.0/BoostConfig.cmake (found version "1.74.0") found components: chrono date_time filesystem iostreams program_options regex serialization system thread
[2.836s] -- Found Boost: /usr/lib/aarch64-linux-gnu/cmake/Boost-1.74.0/BoostConfig.cmake (found version "1.74.0") found components: filesystem
[3.003s] -- library: /usr/lib/aarch64-linux-gnu/libcurl.so
[3.114s] -- Ensuring Eigen3 include directory is part of orocos-kdl CMake target
[3.587s] -- Found moveit_ros_planning: 2.5.9 (/opt/ros/humble/share/moveit_ros_planning/cmake)
[3.600s] -- Found Boost: /usr/lib/aarch64-linux-gnu/cmake/Boost-1.74.0/BoostConfig.cmake (found version "1.74.0") found components: system filesystem date_time program_options thread chrono
[3.667s] -- Found std_srvs: 4.9.0 (/opt/ros/humble/share/std_srvs/cmake)
[3.806s] -- Found ament_lint_auto: 0.12.14 (/opt/ros/humble/share/ament_lint_auto/cmake)
[3.809s] -- Found ament_cmake_gtest: 1.3.12 (/opt/ros/humble/share/ament_cmake_gtest/cmake)
[3.819s] -- Found Boost: /usr/lib/aarch64-linux-gnu/cmake/Boost-1.74.0/BoostConfig.cmake (found version "1.74.0") found components: filesystem
[3.964s] -- Found gtest sources under '/opt/ros/humble/src/gtest_vendor': C++ tests using 'Google Test' will be built
[4.043s] -- Added test 'cppcheck' to perform static code analysis on C / C++ code
[4.047s] -- Configured cppcheck include dirs: /home/changgyu/roarm_ws/roarm_ws_em0/src/roarm_main/moveit_servo/include
[4.047s] -- Configured cppcheck exclude dirs and/or files: 
[4.049s] -- Added test 'lint_cmake' to check CMake code style
[4.051s] -- Added test 'pep257' to check Python code against some of the docstring style conventions in PEP 257
[4.052s] -- Added test 'xmllint' to check XML markup files
[4.056s] -- Configuring done (4.0s)
[4.555s] -- Generating done (0.4s)
[4.644s] -- Build files have been written to: /home/changgyu/roarm_ws/roarm_ws_em0/build/moveit_servo
[4.702s] Invoked command in '/home/changgyu/roarm_ws/roarm_ws_em0/build/moveit_servo' returned '0': CMAKE_PREFIX_PATH=/opt/ros/humble /usr/local/bin/cmake /home/changgyu/roarm_ws/roarm_ws_em0/src/roarm_main/moveit_servo -DCMAKE_INSTALL_PREFIX=/home/changgyu/roarm_ws/roarm_ws_em0/install/moveit_servo
[4.703s] Invoking command in '/home/changgyu/roarm_ws/roarm_ws_em0/build/moveit_servo': CMAKE_PREFIX_PATH=/opt/ros/humble /usr/local/bin/cmake --build /home/changgyu/roarm_ws/roarm_ws_em0/build/moveit_servo -- -j6 -l6
[4.766s] [  3%] [32mBuilding CXX object gtest/CMakeFiles/gtest_main.dir/src/gtest_main.cc.o[0m
[4.774s] [  6%] [32mBuilding CXX object CMakeFiles/servo_controller_input.dir/src/teleop_demo/joystick_servo_example.cpp.o[0m
[4.793s] [  9%] [32mBuilding CXX object CMakeFiles/moveit_servo_lib_parameters.dir/src/servo_parameters.cpp.o[0m
[4.795s] [ 12%] [32mBuilding CXX object CMakeFiles/moveit_servo_lib_parameters.dir/src/parameter_descriptor_builder.cpp.o[0m
[4.802s] [ 15%] [32mBuilding CXX object gtest/CMakeFiles/gtest.dir/src/gtest-all.cc.o[0m
[4.805s] [ 18%] [32mBuilding CXX object CMakeFiles/fake_command_publisher.dir/test/publish_fake_jog_commands.cpp.o[0m
[8.257s] [ 21%] [32m[1mLinking CXX static library libgtest_main.a[0m
[8.387s] [ 21%] Built target gtest_main
[28.543s] [ 24%] [32m[1mLinking CXX executable fake_command_publisher[0m
[29.103s] [ 24%] Built target fake_command_publisher
[33.690s] [ 27%] [32m[1mLinking CXX static library libgtest.a[0m
[33.771s] [ 27%] Built target gtest
[44.024s] [ 30%] [32m[1mLinking CXX shared library libmoveit_servo_lib_parameters.so[0m
[44.563s] [ 30%] Built target moveit_servo_lib_parameters
[44.589s] [ 36%] [32mBuilding CXX object CMakeFiles/moveit_servo_lib.dir/src/collision_check.cpp.o[0m
[44.590s] [ 39%] [32mBuilding CXX object CMakeFiles/test_servo_integration.dir/test/test_servo_interface.cpp.o[0m
[44.590s] [ 42%] [32mBuilding CXX object CMakeFiles/moveit_servo_lib.dir/src/servo.cpp.o[0m
[44.590s] [ 36%] [32mBuilding CXX object CMakeFiles/moveit_servo_lib.dir/src/enforce_limits.cpp.o[0m
[45.361s] [ 45%] [32m[1mLinking CXX shared library libservo_controller_input.so[0m
[46.695s] [ 45%] Built target servo_controller_input
[46.700s] [ 48%] [32mBuilding CXX object CMakeFiles/moveit_servo_lib.dir/src/servo_calcs.cpp.o[0m
[46.724s] [ 51%] [32mBuilding CXX object CMakeFiles/test_servo_collision.dir/test/test_servo_collision.cpp.o[0m
[55.215s] [ 54%] [32mBuilding CXX object CMakeFiles/moveit_servo_lib.dir/src/utilities.cpp.o[0m
[121.503s] [ 57%] [32m[1mLinking CXX executable test_servo_collision[0m
[123.662s] [ 57%] Built target test_servo_collision
[127.597s] [ 60%] [32m[1mLinking CXX executable test_servo_integration[0m
[128.452s] [ 60%] Built target test_servo_integration
[165.218s] [ 63%] [32m[1mLinking CXX shared library libmoveit_servo_lib.so[0m
[166.102s] [ 63%] Built target moveit_servo_lib
[166.139s] [ 66%] [32mBuilding CXX object CMakeFiles/pose_tracking.dir/src/pose_tracking.cpp.o[0m
[166.140s] [ 69%] [32mBuilding CXX object CMakeFiles/servo_node.dir/src/servo_node.cpp.o[0m
[166.140s] [ 72%] [32mBuilding CXX object CMakeFiles/servo_calcs_unit_tests.dir/test/servo_calcs_unit_tests.cpp.o[0m
[197.112s] [ 75%] [32m[1mLinking CXX shared library libservo_node.so[0m
[197.809s] [ 75%] Built target servo_node
[197.834s] [ 78%] [32mBuilding CXX object CMakeFiles/servo_node_main.dir/src/servo_node_main.cpp.o[0m
[214.547s] [ 81%] [32m[1mLinking CXX shared library libpose_tracking.so[0m
[215.226s] [ 81%] Built target pose_tracking
[215.251s] [ 87%] [32mBuilding CXX object CMakeFiles/test_servo_pose_tracking.dir/test/pose_tracking_test.cpp.o[0m
[215.252s] [ 87%] [32mBuilding CXX object CMakeFiles/servo_pose_tracking_demo.dir/src/cpp_interface_demo/pose_tracking_demo.cpp.o[0m
[217.671s] [ 90%] [32m[1mLinking CXX executable servo_calcs_unit_tests[0m
[218.663s] [ 90%] Built target servo_calcs_unit_tests
[220.968s] [ 93%] [32m[1mLinking CXX executable servo_node_main[0m
[221.635s] [ 93%] Built target servo_node_main
[257.060s] [ 96%] [32m[1mLinking CXX executable servo_pose_tracking_demo[0m
[257.914s] [ 96%] Built target servo_pose_tracking_demo
[260.357s] [100%] [32m[1mLinking CXX executable test_servo_pose_tracking[0m
[261.272s] [100%] Built target test_servo_pose_tracking
[261.312s] Invoked command in '/home/changgyu/roarm_ws/roarm_ws_em0/build/moveit_servo' returned '0': CMAKE_PREFIX_PATH=/opt/ros/humble /usr/local/bin/cmake --build /home/changgyu/roarm_ws/roarm_ws_em0/build/moveit_servo -- -j6 -l6
[261.337s] Invoking command in '/home/changgyu/roarm_ws/roarm_ws_em0/build/moveit_servo': CMAKE_PREFIX_PATH=/opt/ros/humble /usr/local/bin/cmake --install /home/changgyu/roarm_ws/roarm_ws_em0/build/moveit_servo
[261.344s] -- Install configuration: "Release"
[261.346s] -- Installing: /home/changgyu/roarm_ws/roarm_ws_em0/install/moveit_servo/lib/libmoveit_servo_lib.so.2.5.5
[261.355s] -- Set non-toolchain portion of runtime path of "/home/changgyu/roarm_ws/roarm_ws_em0/install/moveit_servo/lib/libmoveit_servo_lib.so.2.5.5" to ""
[261.355s] -- Installing: /home/changgyu/roarm_ws/roarm_ws_em0/install/moveit_servo/lib/libmoveit_servo_lib.so
[261.355s] -- Installing: /home/changgyu/roarm_ws/roarm_ws_em0/install/moveit_servo/lib/libmoveit_servo_lib_parameters.so.2.5.5
[261.357s] -- Set non-toolchain portion of runtime path of "/home/changgyu/roarm_ws/roarm_ws_em0/install/moveit_servo/lib/libmoveit_servo_lib_parameters.so.2.5.5" to ""
[261.358s] -- Installing: /home/changgyu/roarm_ws/roarm_ws_em0/install/moveit_servo/lib/libmoveit_servo_lib_parameters.so
[261.358s] -- Installing: /home/changgyu/roarm_ws/roarm_ws_em0/install/moveit_servo/lib/libpose_tracking.so
[261.362s] -- Set non-toolchain portion of runtime path of "/home/changgyu/roarm_ws/roarm_ws_em0/install/moveit_servo/lib/libpose_tracking.so" to ""
[261.362s] -- Installing: /home/changgyu/roarm_ws/roarm_ws_em0/install/moveit_servo/lib/libservo_node.so
[261.363s] -- Set non-toolchain portion of runtime path of "/home/changgyu/roarm_ws/roarm_ws_em0/install/moveit_servo/lib/libservo_node.so" to ""
[261.364s] -- Installing: /home/changgyu/roarm_ws/roarm_ws_em0/install/moveit_servo/lib/libservo_controller_input.so
[261.383s] -- Set non-toolchain portion of runtime path of "/home/changgyu/roarm_ws/roarm_ws_em0/install/moveit_servo/lib/libservo_controller_input.so" to ""
[261.383s] -- Installing: /home/changgyu/roarm_ws/roarm_ws_em0/install/moveit_servo/lib/moveit_servo/servo_node_main
[261.384s] -- Set non-toolchain portion of runtime path of "/home/changgyu/roarm_ws/roarm_ws_em0/install/moveit_servo/lib/moveit_servo/servo_node_main" to ""
[261.384s] -- Installing: /home/changgyu/roarm_ws/roarm_ws_em0/install/moveit_servo/lib/moveit_servo/servo_pose_tracking_demo
[261.387s] -- Set non-toolchain portion of runtime path of "/home/changgyu/roarm_ws/roarm_ws_em0/install/moveit_servo/lib/moveit_servo/servo_pose_tracking_demo" to ""
[261.387s] -- Installing: /home/changgyu/roarm_ws/roarm_ws_em0/install/moveit_servo/lib/moveit_servo/fake_command_publisher
[261.393s] -- Set non-toolchain portion of runtime path of "/home/changgyu/roarm_ws/roarm_ws_em0/install/moveit_servo/lib/moveit_servo/fake_command_publisher" to ""
[261.393s] -- Installing: /home/changgyu/roarm_ws/roarm_ws_em0/install/moveit_servo/include
[261.394s] -- Installing: /home/changgyu/roarm_ws/roarm_ws_em0/install/moveit_servo/include/moveit_servo
[261.394s] -- Installing: /home/changgyu/roarm_ws/roarm_ws_em0/install/moveit_servo/include/moveit_servo/servo_parameters.h
[261.394s] -- Installing: /home/changgyu/roarm_ws/roarm_ws_em0/install/moveit_servo/include/moveit_servo/servo_calcs.h
[261.395s] -- Installing: /home/changgyu/roarm_ws/roarm_ws_em0/install/moveit_servo/include/moveit_servo/pose_tracking.h
[261.395s] -- Installing: /home/changgyu/roarm_ws/roarm_ws_em0/install/moveit_servo/include/moveit_servo/enforce_limits.hpp
[261.395s] -- Installing: /home/changgyu/roarm_ws/roarm_ws_em0/install/moveit_servo/include/moveit_servo/servo_server.h
[261.396s] -- Installing: /home/changgyu/roarm_ws/roarm_ws_em0/install/moveit_servo/include/moveit_servo/utilities.h
[261.396s] -- Installing: /home/changgyu/roarm_ws/roarm_ws_em0/install/moveit_servo/include/moveit_servo/servo_node.h
[261.396s] -- Installing: /home/changgyu/roarm_ws/roarm_ws_em0/install/moveit_servo/include/moveit_servo/make_shared_from_pool.h
[261.397s] -- Installing: /home/changgyu/roarm_ws/roarm_ws_em0/install/moveit_servo/include/moveit_servo/status_codes.h
[261.397s] -- Installing: /home/changgyu/roarm_ws/roarm_ws_em0/install/moveit_servo/include/moveit_servo/collision_check.h
[261.397s] -- Installing: /home/changgyu/roarm_ws/roarm_ws_em0/install/moveit_servo/include/moveit_servo/parameter_descriptor_builder.hpp
[261.398s] -- Installing: /home/changgyu/roarm_ws/roarm_ws_em0/install/moveit_servo/include/moveit_servo/servo.h
[261.399s] -- Installing: /home/changgyu/roarm_ws/roarm_ws_em0/install/moveit_servo/share/moveit_servo/launch
[261.400s] -- Installing: /home/changgyu/roarm_ws/roarm_ws_em0/install/moveit_servo/share/moveit_servo/launch/demo.launch.py
[261.400s] -- Installing: /home/changgyu/roarm_ws/roarm_ws_em0/install/moveit_servo/share/moveit_servo/launch/servo_control.launch.py
[261.403s] -- Installing: /home/changgyu/roarm_ws/roarm_ws_em0/install/moveit_servo/share/moveit_servo/config
[261.407s] -- Installing: /home/changgyu/roarm_ws/roarm_ws_em0/install/moveit_servo/share/moveit_servo/config/roarm_simulated_config.yaml
[261.408s] -- Installing: /home/changgyu/roarm_ws/roarm_ws_em0/install/moveit_servo/share/moveit_servo/config/servo_control.rviz
[261.409s] -- Installing: /home/changgyu/roarm_ws/roarm_ws_em0/install/moveit_servo/share/moveit_servo/config/demo.rviz
[261.413s] -- Installing: /home/changgyu/roarm_ws/roarm_ws_em0/install/moveit_servo/share/moveit_servo/environment/library_path.sh
[261.415s] -- Installing: /home/changgyu/roarm_ws/roarm_ws_em0/install/moveit_servo/share/moveit_servo/environment/library_path.dsv
[261.420s] -- Installing: /home/changgyu/roarm_ws/roarm_ws_em0/install/moveit_servo/share/ament_index/resource_index/package_run_dependencies/moveit_servo
[261.421s] -- Installing: /home/changgyu/roarm_ws/roarm_ws_em0/install/moveit_servo/share/ament_index/resource_index/parent_prefix_path/moveit_servo
[261.428s] -- Installing: /home/changgyu/roarm_ws/roarm_ws_em0/install/moveit_servo/share/moveit_servo/environment/ament_prefix_path.sh
[261.429s] -- Installing: /home/changgyu/roarm_ws/roarm_ws_em0/install/moveit_servo/share/moveit_servo/environment/ament_prefix_path.dsv
[261.430s] -- Installing: /home/changgyu/roarm_ws/roarm_ws_em0/install/moveit_servo/share/moveit_servo/environment/path.sh
[261.430s] -- Installing: /home/changgyu/roarm_ws/roarm_ws_em0/install/moveit_servo/share/moveit_servo/environment/path.dsv
[261.431s] -- Installing: /home/changgyu/roarm_ws/roarm_ws_em0/install/moveit_servo/share/moveit_servo/local_setup.bash
[261.432s] -- Installing: /home/changgyu/roarm_ws/roarm_ws_em0/install/moveit_servo/share/moveit_servo/local_setup.sh
[261.433s] -- Installing: /home/changgyu/roarm_ws/roarm_ws_em0/install/moveit_servo/share/moveit_servo/local_setup.zsh
[261.434s] -- Installing: /home/changgyu/roarm_ws/roarm_ws_em0/install/moveit_servo/share/moveit_servo/local_setup.dsv
[261.434s] -- Installing: /home/changgyu/roarm_ws/roarm_ws_em0/install/moveit_servo/share/moveit_servo/package.dsv
[261.436s] -- Installing: /home/changgyu/roarm_ws/roarm_ws_em0/install/moveit_servo/share/ament_index/resource_index/packages/moveit_servo
[261.436s] -- Installing: /home/changgyu/roarm_ws/roarm_ws_em0/install/moveit_servo/share/ament_index/resource_index/rclcpp_components/moveit_servo
[261.439s] -- Installing: /home/changgyu/roarm_ws/roarm_ws_em0/install/moveit_servo/share/moveit_servo/cmake/export_moveit_servoExport.cmake
[261.440s] -- Installing: /home/changgyu/roarm_ws/roarm_ws_em0/install/moveit_servo/share/moveit_servo/cmake/export_moveit_servoExport-release.cmake
[261.441s] -- Installing: /home/changgyu/roarm_ws/roarm_ws_em0/install/moveit_servo/share/moveit_servo/cmake/ament_cmake_export_targets-extras.cmake
[261.442s] -- Installing: /home/changgyu/roarm_ws/roarm_ws_em0/install/moveit_servo/share/moveit_servo/cmake/ament_cmake_export_dependencies-extras.cmake
[261.443s] -- Installing: /home/changgyu/roarm_ws/roarm_ws_em0/install/moveit_servo/share/moveit_servo/cmake/moveit_servoConfig.cmake
[261.443s] -- Installing: /home/changgyu/roarm_ws/roarm_ws_em0/install/moveit_servo/share/moveit_servo/cmake/moveit_servoConfig-version.cmake
[261.444s] -- Installing: /home/changgyu/roarm_ws/roarm_ws_em0/install/moveit_servo/share/moveit_servo/package.xml
[261.453s] Invoked command in '/home/changgyu/roarm_ws/roarm_ws_em0/build/moveit_servo' returned '0': CMAKE_PREFIX_PATH=/opt/ros/humble /usr/local/bin/cmake --install /home/changgyu/roarm_ws/roarm_ws_em0/build/moveit_servo
