[0.032s] Invoking command in '/home/changgyu/roarm_ws/roarm_ws_em0/build/roarm_moveit_cmd': CMAKE_PREFIX_PATH=/home/changgyu/roarm_ws/roarm_ws_em0/install/roarm_moveit:/home/changgyu/roarm_ws/roarm_ws_em0/install/roarm_description:/home/changgyu/roarm_ws/roarm_ws_em0/install/moveit_servo:/home/changgyu/roarm_ws/roarm_ws_em0/install/ros2web_interfaces:/home/changgyu/roarm_ws/roarm_ws_em0/install/roarm_moveit_ikfast_plugins:/home/changgyu/roarm_ws/roarm_ws_em0/install/roarm_moveit_cmd:/home/changgyu/roarm_ws/roarm_ws_em0/install/ros2web_widgets:/home/changgyu/roarm_ws/roarm_ws_em0/install/ros2web_example_py:/home/changgyu/roarm_ws/roarm_ws_em0/install/roarm_web_app:/home/changgyu/roarm_ws/roarm_ws_em0/install/ros2web_app:/home/changgyu/roarm_ws/roarm_ws_em0/install/ros2web:/home/changgyu/roarm_ws/roarm_ws_em0/install/roarm_driver:/home/changgyu/roarm_ws/roarm_ws_em0/install/launch_api:/opt/ros/humble LD_LIBRARY_PATH=/home/changgyu/roarm_ws/roarm_ws_em0/install/roarm_moveit/lib:/home/changgyu/roarm_ws/roarm_ws_em0/install/moveit_servo/lib:/home/changgyu/roarm_ws/roarm_ws_em0/install/ros2web_interfaces/lib:/home/changgyu/roarm_ws/roarm_ws_em0/install/roarm_moveit_ikfast_plugins/lib:/opt/ros/humble/opt/rviz_ogre_vendor/lib:/opt/ros/humble/lib/aarch64-linux-gnu:/opt/ros/humble/lib:/home/changgyu/onnxruntime/build/Linux/Release:/usr/local/cuda/lib64:/usr/local/cuda-12.6/lib64 /usr/local/bin/cmake --build /home/changgyu/roarm_ws/roarm_ws_em0/build/roarm_moveit_cmd -- -j6 -l6
[0.099s] [ 14%] Built target webappcontrol
[0.104s] [ 28%] Built target keyboardcontrol
[0.106s] [ 42%] Built target getposecmd_tf2
[0.123s] [ 57%] Built target movecirclecmd
[0.146s] [ 71%] Built target setgrippercmd
[0.151s] [ 85%] Built target getposecmd
[0.156s] [ 92%] [32mBuilding CXX object CMakeFiles/movepointcmd.dir/src/movepointcmd.cpp.o[0m
[10.476s] [01m[K/home/changgyu/roarm_ws/roarm_ws_em0/src/roarm_main/roarm_moveit_cmd/src/movepointcmd.cpp:[m[K In member function ‘[01m[Kbool MovePointCmdNode::go_to_joint(double, double, double)[m[K’:
[10.477s] [01m[K/home/changgyu/roarm_ws/roarm_ws_em0/src/roarm_main/roarm_moveit_cmd/src/movepointcmd.cpp:186:92:[m[K [01;35m[Kwarning: [m[K‘[01m[Kusing MoveItErrorCode = class moveit::core::MoveItErrorCode[m[K’ is deprecated: Use moveit::core::MoveItErrorCode [[01;35m[K]8;;https://gcc.gnu.org/onlinedocs/gcc/Warning-Options.html#index-Wdeprecated-declarations-Wdeprecated-declarations]8;;[m[K]
[10.478s]   186 | move_group_.plan(plan) == moveit::planning_interface::MoveItErrorCode::[01;35m[KSUCCESS[m[K);
[10.478s]       |                                                                        [01;35m[K^~~~~~~[m[K
[10.478s] 
[10.478s] In file included from [01m[K/home/changgyu/roarm_ws/roarm_ws_em0/src/roarm_main/roarm_moveit_cmd/src/movepointcmd.cpp:13[m[K:
[10.479s] [01m[K/opt/ros/humble/include/moveit/move_group_interface/move_group_interface.h:71:7:[m[K [01;36m[Knote: [m[Kdeclared here
[10.479s]    71 | using [01;36m[KMoveItErrorCode[m[K [[deprecated("Use moveit::core::MoveItErrorCode")]] = moveit::core::MoveItErrorCode;
[10.479s]       |       [01;36m[K^~~~~~~~~~~~~~~[m[K
[10.479s] [01m[K/home/changgyu/roarm_ws/roarm_ws_em0/src/roarm_main/roarm_moveit_cmd/src/movepointcmd.cpp:191:95:[m[K [01;35m[Kwarning: [m[K‘[01m[Kusing MoveItErrorCode = class moveit::core::MoveItErrorCode[m[K’ is deprecated: Use moveit::core::MoveItErrorCode [[01;35m[K]8;;https://gcc.gnu.org/onlinedocs/gcc/Warning-Options.html#index-Wdeprecated-declarations-Wdeprecated-declarations]8;;[m[K]
[10.480s]   191 | e_group_.execute(plan) == moveit::planning_interface::MoveItErrorCode::[01;35m[KSUCCESS[m[K);
[10.480s]       |                                                                        [01;35m[K^~~~~~~[m[K
[10.480s] 
[10.480s] In file included from [01m[K/home/changgyu/roarm_ws/roarm_ws_em0/src/roarm_main/roarm_moveit_cmd/src/movepointcmd.cpp:13[m[K:
[10.480s] [01m[K/opt/ros/humble/include/moveit/move_group_interface/move_group_interface.h:71:7:[m[K [01;36m[Knote: [m[Kdeclared here
[10.481s]    71 | using [01;36m[KMoveItErrorCode[m[K [[deprecated("Use moveit::core::MoveItErrorCode")]] = moveit::core::MoveItErrorCode;
[10.481s]       |       [01;36m[K^~~~~~~~~~~~~~~[m[K
[24.211s] [100%] [32m[1mLinking CXX executable movepointcmd[0m
[24.985s] [100%] Built target movepointcmd
[25.000s] Invoked command in '/home/changgyu/roarm_ws/roarm_ws_em0/build/roarm_moveit_cmd' returned '0': CMAKE_PREFIX_PATH=/home/changgyu/roarm_ws/roarm_ws_em0/install/roarm_moveit:/home/changgyu/roarm_ws/roarm_ws_em0/install/roarm_description:/home/changgyu/roarm_ws/roarm_ws_em0/install/moveit_servo:/home/changgyu/roarm_ws/roarm_ws_em0/install/ros2web_interfaces:/home/changgyu/roarm_ws/roarm_ws_em0/install/roarm_moveit_ikfast_plugins:/home/changgyu/roarm_ws/roarm_ws_em0/install/roarm_moveit_cmd:/home/changgyu/roarm_ws/roarm_ws_em0/install/ros2web_widgets:/home/changgyu/roarm_ws/roarm_ws_em0/install/ros2web_example_py:/home/changgyu/roarm_ws/roarm_ws_em0/install/roarm_web_app:/home/changgyu/roarm_ws/roarm_ws_em0/install/ros2web_app:/home/changgyu/roarm_ws/roarm_ws_em0/install/ros2web:/home/changgyu/roarm_ws/roarm_ws_em0/install/roarm_driver:/home/changgyu/roarm_ws/roarm_ws_em0/install/launch_api:/opt/ros/humble LD_LIBRARY_PATH=/home/changgyu/roarm_ws/roarm_ws_em0/install/roarm_moveit/lib:/home/changgyu/roarm_ws/roarm_ws_em0/install/moveit_servo/lib:/home/changgyu/roarm_ws/roarm_ws_em0/install/ros2web_interfaces/lib:/home/changgyu/roarm_ws/roarm_ws_em0/install/roarm_moveit_ikfast_plugins/lib:/opt/ros/humble/opt/rviz_ogre_vendor/lib:/opt/ros/humble/lib/aarch64-linux-gnu:/opt/ros/humble/lib:/home/changgyu/onnxruntime/build/Linux/Release:/usr/local/cuda/lib64:/usr/local/cuda-12.6/lib64 /usr/local/bin/cmake --build /home/changgyu/roarm_ws/roarm_ws_em0/build/roarm_moveit_cmd -- -j6 -l6
[25.009s] Invoking command in '/home/changgyu/roarm_ws/roarm_ws_em0/build/roarm_moveit_cmd': CMAKE_PREFIX_PATH=/home/changgyu/roarm_ws/roarm_ws_em0/install/roarm_moveit:/home/changgyu/roarm_ws/roarm_ws_em0/install/roarm_description:/home/changgyu/roarm_ws/roarm_ws_em0/install/moveit_servo:/home/changgyu/roarm_ws/roarm_ws_em0/install/ros2web_interfaces:/home/changgyu/roarm_ws/roarm_ws_em0/install/roarm_moveit_ikfast_plugins:/home/changgyu/roarm_ws/roarm_ws_em0/install/roarm_moveit_cmd:/home/changgyu/roarm_ws/roarm_ws_em0/install/ros2web_widgets:/home/changgyu/roarm_ws/roarm_ws_em0/install/ros2web_example_py:/home/changgyu/roarm_ws/roarm_ws_em0/install/roarm_web_app:/home/changgyu/roarm_ws/roarm_ws_em0/install/ros2web_app:/home/changgyu/roarm_ws/roarm_ws_em0/install/ros2web:/home/changgyu/roarm_ws/roarm_ws_em0/install/roarm_driver:/home/changgyu/roarm_ws/roarm_ws_em0/install/launch_api:/opt/ros/humble LD_LIBRARY_PATH=/home/changgyu/roarm_ws/roarm_ws_em0/install/roarm_moveit/lib:/home/changgyu/roarm_ws/roarm_ws_em0/install/moveit_servo/lib:/home/changgyu/roarm_ws/roarm_ws_em0/install/ros2web_interfaces/lib:/home/changgyu/roarm_ws/roarm_ws_em0/install/roarm_moveit_ikfast_plugins/lib:/opt/ros/humble/opt/rviz_ogre_vendor/lib:/opt/ros/humble/lib/aarch64-linux-gnu:/opt/ros/humble/lib:/home/changgyu/onnxruntime/build/Linux/Release:/usr/local/cuda/lib64:/usr/local/cuda-12.6/lib64 /usr/local/bin/cmake --install /home/changgyu/roarm_ws/roarm_ws_em0/build/roarm_moveit_cmd
[25.014s] -- Install configuration: "Release"
[25.014s] -- Up-to-date: /home/changgyu/roarm_ws/roarm_ws_em0/install/roarm_moveit_cmd/lib/roarm_moveit_cmd/getposecmd
[25.015s] -- Up-to-date: /home/changgyu/roarm_ws/roarm_ws_em0/install/roarm_moveit_cmd/lib/roarm_moveit_cmd/getposecmd_tf2
[25.015s] -- Up-to-date: /home/changgyu/roarm_ws/roarm_ws_em0/install/roarm_moveit_cmd/lib/roarm_moveit_cmd/keyboardcontrol
[25.016s] -- Installing: /home/changgyu/roarm_ws/roarm_ws_em0/install/roarm_moveit_cmd/lib/roarm_moveit_cmd/movepointcmd
[25.018s] -- Set non-toolchain portion of runtime path of "/home/changgyu/roarm_ws/roarm_ws_em0/install/roarm_moveit_cmd/lib/roarm_moveit_cmd/movepointcmd" to ""
[25.018s] -- Up-to-date: /home/changgyu/roarm_ws/roarm_ws_em0/install/roarm_moveit_cmd/lib/roarm_moveit_cmd/movecirclecmd
[25.019s] -- Up-to-date: /home/changgyu/roarm_ws/roarm_ws_em0/install/roarm_moveit_cmd/lib/roarm_moveit_cmd/webappcontrol
[25.020s] -- Up-to-date: /home/changgyu/roarm_ws/roarm_ws_em0/install/roarm_moveit_cmd/lib/roarm_moveit_cmd/setgrippercmd
[25.020s] -- Up-to-date: /home/changgyu/roarm_ws/roarm_ws_em0/install/roarm_moveit_cmd/share/roarm_moveit_cmd/launch
[25.021s] -- Up-to-date: /home/changgyu/roarm_ws/roarm_ws_em0/install/roarm_moveit_cmd/share/roarm_moveit_cmd/launch/command_control.launch.py
[25.021s] -- Up-to-date: /home/changgyu/roarm_ws/roarm_ws_em0/install/roarm_moveit_cmd/share/roarm_moveit_cmd/config
[25.021s] -- Up-to-date: /home/changgyu/roarm_ws/roarm_ws_em0/install/roarm_moveit_cmd/share/roarm_moveit_cmd/config/command_control.rviz
[25.021s] -- Up-to-date: /home/changgyu/roarm_ws/roarm_ws_em0/install/roarm_moveit_cmd/share/ament_index/resource_index/package_run_dependencies/roarm_moveit_cmd
[25.021s] -- Up-to-date: /home/changgyu/roarm_ws/roarm_ws_em0/install/roarm_moveit_cmd/share/ament_index/resource_index/parent_prefix_path/roarm_moveit_cmd
[25.021s] -- Up-to-date: /home/changgyu/roarm_ws/roarm_ws_em0/install/roarm_moveit_cmd/share/roarm_moveit_cmd/environment/ament_prefix_path.sh
[25.022s] -- Up-to-date: /home/changgyu/roarm_ws/roarm_ws_em0/install/roarm_moveit_cmd/share/roarm_moveit_cmd/environment/ament_prefix_path.dsv
[25.022s] -- Up-to-date: /home/changgyu/roarm_ws/roarm_ws_em0/install/roarm_moveit_cmd/share/roarm_moveit_cmd/environment/path.sh
[25.022s] -- Up-to-date: /home/changgyu/roarm_ws/roarm_ws_em0/install/roarm_moveit_cmd/share/roarm_moveit_cmd/environment/path.dsv
[25.022s] -- Up-to-date: /home/changgyu/roarm_ws/roarm_ws_em0/install/roarm_moveit_cmd/share/roarm_moveit_cmd/local_setup.bash
[25.022s] -- Up-to-date: /home/changgyu/roarm_ws/roarm_ws_em0/install/roarm_moveit_cmd/share/roarm_moveit_cmd/local_setup.sh
[25.022s] -- Up-to-date: /home/changgyu/roarm_ws/roarm_ws_em0/install/roarm_moveit_cmd/share/roarm_moveit_cmd/local_setup.zsh
[25.023s] -- Up-to-date: /home/changgyu/roarm_ws/roarm_ws_em0/install/roarm_moveit_cmd/share/roarm_moveit_cmd/local_setup.dsv
[25.023s] -- Installing: /home/changgyu/roarm_ws/roarm_ws_em0/install/roarm_moveit_cmd/share/roarm_moveit_cmd/package.dsv
[25.023s] -- Up-to-date: /home/changgyu/roarm_ws/roarm_ws_em0/install/roarm_moveit_cmd/share/ament_index/resource_index/packages/roarm_moveit_cmd
[25.023s] -- Up-to-date: /home/changgyu/roarm_ws/roarm_ws_em0/install/roarm_moveit_cmd/share/roarm_moveit_cmd/cmake/ament_cmake_export_dependencies-extras.cmake
[25.023s] -- Up-to-date: /home/changgyu/roarm_ws/roarm_ws_em0/install/roarm_moveit_cmd/share/roarm_moveit_cmd/cmake/ament_cmake_export_include_directories-extras.cmake
[25.024s] -- Up-to-date: /home/changgyu/roarm_ws/roarm_ws_em0/install/roarm_moveit_cmd/share/roarm_moveit_cmd/cmake/roarm_moveit_cmdConfig.cmake
[25.024s] -- Up-to-date: /home/changgyu/roarm_ws/roarm_ws_em0/install/roarm_moveit_cmd/share/roarm_moveit_cmd/cmake/roarm_moveit_cmdConfig-version.cmake
[25.024s] -- Up-to-date: /home/changgyu/roarm_ws/roarm_ws_em0/install/roarm_moveit_cmd/share/roarm_moveit_cmd/package.xml
[25.028s] Invoked command in '/home/changgyu/roarm_ws/roarm_ws_em0/build/roarm_moveit_cmd' returned '0': CMAKE_PREFIX_PATH=/home/changgyu/roarm_ws/roarm_ws_em0/install/roarm_moveit:/home/changgyu/roarm_ws/roarm_ws_em0/install/roarm_description:/home/changgyu/roarm_ws/roarm_ws_em0/install/moveit_servo:/home/changgyu/roarm_ws/roarm_ws_em0/install/ros2web_interfaces:/home/changgyu/roarm_ws/roarm_ws_em0/install/roarm_moveit_ikfast_plugins:/home/changgyu/roarm_ws/roarm_ws_em0/install/roarm_moveit_cmd:/home/changgyu/roarm_ws/roarm_ws_em0/install/ros2web_widgets:/home/changgyu/roarm_ws/roarm_ws_em0/install/ros2web_example_py:/home/changgyu/roarm_ws/roarm_ws_em0/install/roarm_web_app:/home/changgyu/roarm_ws/roarm_ws_em0/install/ros2web_app:/home/changgyu/roarm_ws/roarm_ws_em0/install/ros2web:/home/changgyu/roarm_ws/roarm_ws_em0/install/roarm_driver:/home/changgyu/roarm_ws/roarm_ws_em0/install/launch_api:/opt/ros/humble LD_LIBRARY_PATH=/home/changgyu/roarm_ws/roarm_ws_em0/install/roarm_moveit/lib:/home/changgyu/roarm_ws/roarm_ws_em0/install/moveit_servo/lib:/home/changgyu/roarm_ws/roarm_ws_em0/install/ros2web_interfaces/lib:/home/changgyu/roarm_ws/roarm_ws_em0/install/roarm_moveit_ikfast_plugins/lib:/opt/ros/humble/opt/rviz_ogre_vendor/lib:/opt/ros/humble/lib/aarch64-linux-gnu:/opt/ros/humble/lib:/home/changgyu/onnxruntime/build/Linux/Release:/usr/local/cuda/lib64:/usr/local/cuda-12.6/lib64 /usr/local/bin/cmake --install /home/changgyu/roarm_ws/roarm_ws_em0/build/roarm_moveit_cmd
