[0.054s] Invoking command in '/home/changgyu/roarm_ws/roarm_ws_em0/build/roarm_moveit_cmd': CMAKE_PREFIX_PATH=/home/changgyu/roarm_ws/roarm_ws_em0/install/roarm_moveit:/home/changgyu/roarm_ws/roarm_ws_em0/install/roarm_description:/home/changgyu/roarm_ws/roarm_ws_em0/install/moveit_servo:/home/changgyu/roarm_ws/roarm_ws_em0/install/ros2web_interfaces:/home/changgyu/roarm_ws/roarm_ws_em0/install/roarm_moveit_ikfast_plugins:/home/changgyu/roarm_ws/roarm_ws_em0/install/roarm_moveit_cmd:/home/changgyu/roarm_ws/roarm_ws_em0/install/ros2web_widgets:/home/changgyu/roarm_ws/roarm_ws_em0/install/ros2web_example_py:/home/changgyu/roarm_ws/roarm_ws_em0/install/roarm_web_app:/home/changgyu/roarm_ws/roarm_ws_em0/install/ros2web_app:/home/changgyu/roarm_ws/roarm_ws_em0/install/ros2web:/home/changgyu/roarm_ws/roarm_ws_em0/install/roarm_driver:/home/changgyu/roarm_ws/roarm_ws_em0/install/launch_api:/opt/ros/humble LD_LIBRARY_PATH=/home/changgyu/roarm_ws/roarm_ws_em0/install/roarm_moveit/lib:/home/changgyu/roarm_ws/roarm_ws_em0/install/moveit_servo/lib:/home/changgyu/roarm_ws/roarm_ws_em0/install/ros2web_interfaces/lib:/home/changgyu/roarm_ws/roarm_ws_em0/install/roarm_moveit_ikfast_plugins/lib:/opt/ros/humble/opt/rviz_ogre_vendor/lib:/opt/ros/humble/lib/aarch64-linux-gnu:/opt/ros/humble/lib:/home/changgyu/onnxruntime/build/Linux/Release:/usr/local/cuda/lib64:/usr/local/cuda-12.6/lib64 /usr/local/bin/cmake --build /home/changgyu/roarm_ws/roarm_ws_em0/build/roarm_moveit_cmd -- -j6 -l6
[0.361s] [ 14%] Built target getposecmd_tf2
[0.363s] [ 28%] Built target keyboardcontrol
[0.366s] [ 42%] Built target webappcontrol
[0.377s] [ 57%] Built target getposecmd
[0.383s] [ 71%] Built target movecirclecmd
[0.400s] [ 78%] [32mBuilding CXX object CMakeFiles/movepointcmd.dir/src/movepointcmd.cpp.o[0m
[0.408s] [ 92%] Built target setgrippercmd
[12.513s] [01m[K/home/changgyu/roarm_ws/roarm_ws_em0/src/roarm_main/roarm_moveit_cmd/src/movepointcmd.cpp:[m[K In member function ‘[01m[Kbool MovePointCmdNode::go_to_joint(double, double, double)[m[K’:
[12.513s] [01m[K/home/changgyu/roarm_ws/roarm_ws_em0/src/roarm_main/roarm_moveit_cmd/src/movepointcmd.cpp:186:92:[m[K [01;35m[Kwarning: [m[K‘[01m[Kusing MoveItErrorCode = class moveit::core::MoveItErrorCode[m[K’ is deprecated: Use moveit::core::MoveItErrorCode [[01;35m[K]8;;https://gcc.gnu.org/onlinedocs/gcc/Warning-Options.html#index-Wdeprecated-declarations-Wdeprecated-declarations]8;;[m[K]
[12.514s]   186 |     auto ok_plan = (move_group_.plan(plan) == moveit::planning_interface::MoveItErrorCode::[01;35m[KSUCCESS[m[K);
[12.514s]       |                                                                                            [01;35m[K^~~~~~~[m[K
[12.514s] In file included from [01m[K/home/changgyu/roarm_ws/roarm_ws_em0/src/roarm_main/roarm_moveit_cmd/src/movepointcmd.cpp:13[m[K:
[12.514s] [01m[K/opt/ros/humble/include/moveit/move_group_interface/move_group_interface.h:71:7:[m[K [01;36m[Knote: [m[Kdeclared here
[12.515s]    71 | using [01;36m[KMoveItErrorCode[m[K [[deprecated("Use moveit::core::MoveItErrorCode")]] = moveit::core::MoveItErrorCode;
[12.515s]       |       [01;36m[K^~~~~~~~~~~~~~~[m[K
[12.515s] [01m[K/home/changgyu/roarm_ws/roarm_ws_em0/src/roarm_main/roarm_moveit_cmd/src/movepointcmd.cpp:191:95:[m[K [01;35m[Kwarning: [m[K‘[01m[Kusing MoveItErrorCode = class moveit::core::MoveItErrorCode[m[K’ is deprecated: Use moveit::core::MoveItErrorCode [[01;35m[K]8;;https://gcc.gnu.org/onlinedocs/gcc/Warning-Options.html#index-Wdeprecated-declarations-Wdeprecated-declarations]8;;[m[K]
[12.515s]   191 |     auto ok_exec = (move_group_.execute(plan) == moveit::planning_interface::MoveItErrorCode::[01;35m[KSUCCESS[m[K);
[12.515s]       |                                                                                               [01;35m[K^~~~~~~[m[K
[12.516s] In file included from [01m[K/home/changgyu/roarm_ws/roarm_ws_em0/src/roarm_main/roarm_moveit_cmd/src/movepointcmd.cpp:13[m[K:
[12.516s] [01m[K/opt/ros/humble/include/moveit/move_group_interface/move_group_interface.h:71:7:[m[K [01;36m[Knote: [m[Kdeclared here
[12.516s]    71 | using [01;36m[KMoveItErrorCode[m[K [[deprecated("Use moveit::core::MoveItErrorCode")]] = moveit::core::MoveItErrorCode;
[12.516s]       |       [01;36m[K^~~~~~~~~~~~~~~[m[K
[26.496s] [100%] [32m[1mLinking CXX executable movepointcmd[0m
[27.850s] [100%] Built target movepointcmd
[27.865s] Invoked command in '/home/changgyu/roarm_ws/roarm_ws_em0/build/roarm_moveit_cmd' returned '0': CMAKE_PREFIX_PATH=/home/changgyu/roarm_ws/roarm_ws_em0/install/roarm_moveit:/home/changgyu/roarm_ws/roarm_ws_em0/install/roarm_description:/home/changgyu/roarm_ws/roarm_ws_em0/install/moveit_servo:/home/changgyu/roarm_ws/roarm_ws_em0/install/ros2web_interfaces:/home/changgyu/roarm_ws/roarm_ws_em0/install/roarm_moveit_ikfast_plugins:/home/changgyu/roarm_ws/roarm_ws_em0/install/roarm_moveit_cmd:/home/changgyu/roarm_ws/roarm_ws_em0/install/ros2web_widgets:/home/changgyu/roarm_ws/roarm_ws_em0/install/ros2web_example_py:/home/changgyu/roarm_ws/roarm_ws_em0/install/roarm_web_app:/home/changgyu/roarm_ws/roarm_ws_em0/install/ros2web_app:/home/changgyu/roarm_ws/roarm_ws_em0/install/ros2web:/home/changgyu/roarm_ws/roarm_ws_em0/install/roarm_driver:/home/changgyu/roarm_ws/roarm_ws_em0/install/launch_api:/opt/ros/humble LD_LIBRARY_PATH=/home/changgyu/roarm_ws/roarm_ws_em0/install/roarm_moveit/lib:/home/changgyu/roarm_ws/roarm_ws_em0/install/moveit_servo/lib:/home/changgyu/roarm_ws/roarm_ws_em0/install/ros2web_interfaces/lib:/home/changgyu/roarm_ws/roarm_ws_em0/install/roarm_moveit_ikfast_plugins/lib:/opt/ros/humble/opt/rviz_ogre_vendor/lib:/opt/ros/humble/lib/aarch64-linux-gnu:/opt/ros/humble/lib:/home/changgyu/onnxruntime/build/Linux/Release:/usr/local/cuda/lib64:/usr/local/cuda-12.6/lib64 /usr/local/bin/cmake --build /home/changgyu/roarm_ws/roarm_ws_em0/build/roarm_moveit_cmd -- -j6 -l6
[27.882s] Invoking command in '/home/changgyu/roarm_ws/roarm_ws_em0/build/roarm_moveit_cmd': CMAKE_PREFIX_PATH=/home/changgyu/roarm_ws/roarm_ws_em0/install/roarm_moveit:/home/changgyu/roarm_ws/roarm_ws_em0/install/roarm_description:/home/changgyu/roarm_ws/roarm_ws_em0/install/moveit_servo:/home/changgyu/roarm_ws/roarm_ws_em0/install/ros2web_interfaces:/home/changgyu/roarm_ws/roarm_ws_em0/install/roarm_moveit_ikfast_plugins:/home/changgyu/roarm_ws/roarm_ws_em0/install/roarm_moveit_cmd:/home/changgyu/roarm_ws/roarm_ws_em0/install/ros2web_widgets:/home/changgyu/roarm_ws/roarm_ws_em0/install/ros2web_example_py:/home/changgyu/roarm_ws/roarm_ws_em0/install/roarm_web_app:/home/changgyu/roarm_ws/roarm_ws_em0/install/ros2web_app:/home/changgyu/roarm_ws/roarm_ws_em0/install/ros2web:/home/changgyu/roarm_ws/roarm_ws_em0/install/roarm_driver:/home/changgyu/roarm_ws/roarm_ws_em0/install/launch_api:/opt/ros/humble LD_LIBRARY_PATH=/home/changgyu/roarm_ws/roarm_ws_em0/install/roarm_moveit/lib:/home/changgyu/roarm_ws/roarm_ws_em0/install/moveit_servo/lib:/home/changgyu/roarm_ws/roarm_ws_em0/install/ros2web_interfaces/lib:/home/changgyu/roarm_ws/roarm_ws_em0/install/roarm_moveit_ikfast_plugins/lib:/opt/ros/humble/opt/rviz_ogre_vendor/lib:/opt/ros/humble/lib/aarch64-linux-gnu:/opt/ros/humble/lib:/home/changgyu/onnxruntime/build/Linux/Release:/usr/local/cuda/lib64:/usr/local/cuda-12.6/lib64 /usr/local/bin/cmake --install /home/changgyu/roarm_ws/roarm_ws_em0/build/roarm_moveit_cmd
[27.888s] -- Install configuration: "Release"
[27.891s] -- Up-to-date: /home/changgyu/roarm_ws/roarm_ws_em0/install/roarm_moveit_cmd/lib/roarm_moveit_cmd/getposecmd
[27.891s] -- Up-to-date: /home/changgyu/roarm_ws/roarm_ws_em0/install/roarm_moveit_cmd/lib/roarm_moveit_cmd/getposecmd_tf2
[27.895s] -- Up-to-date: /home/changgyu/roarm_ws/roarm_ws_em0/install/roarm_moveit_cmd/lib/roarm_moveit_cmd/keyboardcontrol
[27.896s] -- Installing: /home/changgyu/roarm_ws/roarm_ws_em0/install/roarm_moveit_cmd/lib/roarm_moveit_cmd/movepointcmd
[27.898s] -- Set non-toolchain portion of runtime path of "/home/changgyu/roarm_ws/roarm_ws_em0/install/roarm_moveit_cmd/lib/roarm_moveit_cmd/movepointcmd" to ""
[27.901s] -- Up-to-date: /home/changgyu/roarm_ws/roarm_ws_em0/install/roarm_moveit_cmd/lib/roarm_moveit_cmd/movecirclecmd
[27.903s] -- Up-to-date: /home/changgyu/roarm_ws/roarm_ws_em0/install/roarm_moveit_cmd/lib/roarm_moveit_cmd/webappcontrol
[27.904s] -- Up-to-date: /home/changgyu/roarm_ws/roarm_ws_em0/install/roarm_moveit_cmd/lib/roarm_moveit_cmd/setgrippercmd
[27.904s] -- Up-to-date: /home/changgyu/roarm_ws/roarm_ws_em0/install/roarm_moveit_cmd/share/roarm_moveit_cmd/launch
[27.905s] -- Up-to-date: /home/changgyu/roarm_ws/roarm_ws_em0/install/roarm_moveit_cmd/share/roarm_moveit_cmd/launch/command_control.launch.py
[27.905s] -- Up-to-date: /home/changgyu/roarm_ws/roarm_ws_em0/install/roarm_moveit_cmd/share/roarm_moveit_cmd/config
[27.905s] -- Up-to-date: /home/changgyu/roarm_ws/roarm_ws_em0/install/roarm_moveit_cmd/share/roarm_moveit_cmd/config/command_control.rviz
[27.906s] -- Up-to-date: /home/changgyu/roarm_ws/roarm_ws_em0/install/roarm_moveit_cmd/share/ament_index/resource_index/package_run_dependencies/roarm_moveit_cmd
[27.906s] -- Up-to-date: /home/changgyu/roarm_ws/roarm_ws_em0/install/roarm_moveit_cmd/share/ament_index/resource_index/parent_prefix_path/roarm_moveit_cmd
[27.906s] -- Up-to-date: /home/changgyu/roarm_ws/roarm_ws_em0/install/roarm_moveit_cmd/share/roarm_moveit_cmd/environment/ament_prefix_path.sh
[27.906s] -- Up-to-date: /home/changgyu/roarm_ws/roarm_ws_em0/install/roarm_moveit_cmd/share/roarm_moveit_cmd/environment/ament_prefix_path.dsv
[27.907s] -- Up-to-date: /home/changgyu/roarm_ws/roarm_ws_em0/install/roarm_moveit_cmd/share/roarm_moveit_cmd/environment/path.sh
[27.907s] -- Up-to-date: /home/changgyu/roarm_ws/roarm_ws_em0/install/roarm_moveit_cmd/share/roarm_moveit_cmd/environment/path.dsv
[27.907s] -- Up-to-date: /home/changgyu/roarm_ws/roarm_ws_em0/install/roarm_moveit_cmd/share/roarm_moveit_cmd/local_setup.bash
[27.908s] -- Up-to-date: /home/changgyu/roarm_ws/roarm_ws_em0/install/roarm_moveit_cmd/share/roarm_moveit_cmd/local_setup.sh
[27.908s] -- Up-to-date: /home/changgyu/roarm_ws/roarm_ws_em0/install/roarm_moveit_cmd/share/roarm_moveit_cmd/local_setup.zsh
[27.908s] -- Up-to-date: /home/changgyu/roarm_ws/roarm_ws_em0/install/roarm_moveit_cmd/share/roarm_moveit_cmd/local_setup.dsv
[27.908s] -- Installing: /home/changgyu/roarm_ws/roarm_ws_em0/install/roarm_moveit_cmd/share/roarm_moveit_cmd/package.dsv
[27.909s] -- Up-to-date: /home/changgyu/roarm_ws/roarm_ws_em0/install/roarm_moveit_cmd/share/ament_index/resource_index/packages/roarm_moveit_cmd
[27.909s] -- Up-to-date: /home/changgyu/roarm_ws/roarm_ws_em0/install/roarm_moveit_cmd/share/roarm_moveit_cmd/cmake/ament_cmake_export_dependencies-extras.cmake
[27.910s] -- Up-to-date: /home/changgyu/roarm_ws/roarm_ws_em0/install/roarm_moveit_cmd/share/roarm_moveit_cmd/cmake/ament_cmake_export_include_directories-extras.cmake
[27.911s] -- Up-to-date: /home/changgyu/roarm_ws/roarm_ws_em0/install/roarm_moveit_cmd/share/roarm_moveit_cmd/cmake/roarm_moveit_cmdConfig.cmake
[27.913s] -- Up-to-date: /home/changgyu/roarm_ws/roarm_ws_em0/install/roarm_moveit_cmd/share/roarm_moveit_cmd/cmake/roarm_moveit_cmdConfig-version.cmake
[27.913s] -- Up-to-date: /home/changgyu/roarm_ws/roarm_ws_em0/install/roarm_moveit_cmd/share/roarm_moveit_cmd/package.xml
[27.914s] Invoked command in '/home/changgyu/roarm_ws/roarm_ws_em0/build/roarm_moveit_cmd' returned '0': CMAKE_PREFIX_PATH=/home/changgyu/roarm_ws/roarm_ws_em0/install/roarm_moveit:/home/changgyu/roarm_ws/roarm_ws_em0/install/roarm_description:/home/changgyu/roarm_ws/roarm_ws_em0/install/moveit_servo:/home/changgyu/roarm_ws/roarm_ws_em0/install/ros2web_interfaces:/home/changgyu/roarm_ws/roarm_ws_em0/install/roarm_moveit_ikfast_plugins:/home/changgyu/roarm_ws/roarm_ws_em0/install/roarm_moveit_cmd:/home/changgyu/roarm_ws/roarm_ws_em0/install/ros2web_widgets:/home/changgyu/roarm_ws/roarm_ws_em0/install/ros2web_example_py:/home/changgyu/roarm_ws/roarm_ws_em0/install/roarm_web_app:/home/changgyu/roarm_ws/roarm_ws_em0/install/ros2web_app:/home/changgyu/roarm_ws/roarm_ws_em0/install/ros2web:/home/changgyu/roarm_ws/roarm_ws_em0/install/roarm_driver:/home/changgyu/roarm_ws/roarm_ws_em0/install/launch_api:/opt/ros/humble LD_LIBRARY_PATH=/home/changgyu/roarm_ws/roarm_ws_em0/install/roarm_moveit/lib:/home/changgyu/roarm_ws/roarm_ws_em0/install/moveit_servo/lib:/home/changgyu/roarm_ws/roarm_ws_em0/install/ros2web_interfaces/lib:/home/changgyu/roarm_ws/roarm_ws_em0/install/roarm_moveit_ikfast_plugins/lib:/opt/ros/humble/opt/rviz_ogre_vendor/lib:/opt/ros/humble/lib/aarch64-linux-gnu:/opt/ros/humble/lib:/home/changgyu/onnxruntime/build/Linux/Release:/usr/local/cuda/lib64:/usr/local/cuda-12.6/lib64 /usr/local/bin/cmake --install /home/changgyu/roarm_ws/roarm_ws_em0/build/roarm_moveit_cmd
