[ 14%] Built target getposecmd_tf2
[ 28%] Built target webappcontrol
[ 42%] Built target keyboardcontrol
[ 57%] Built target movecirclecmd
[ 71%] Built target getposecmd
[ 85%] Built target setgrippercmd
[ 92%] [32mBuilding CXX object CMakeFiles/movepointcmd.dir/src/movepointcmd.cpp.o[0m
[01m[K/home/changgyu/roarm_ws/roarm_ws_em0/src/roarm_main/roarm_moveit_cmd/src/movepointcmd.cpp:[m[K In member function ‘[01m[Kbool MovePointCmdNode::go_to_joint(double, double, double)[m[K’:
[01m[K/home/changgyu/roarm_ws/roarm_ws_em0/src/roarm_main/roarm_moveit_cmd/src/movepointcmd.cpp:186:92:[m[K [01;35m[Kwarning: [m[K‘[01m[Kusing MoveItErrorCode = class moveit::core::MoveItErrorCode[m[K’ is deprecated: Use moveit::core::MoveItErrorCode [[01;35m[K]8;;https://gcc.gnu.org/onlinedocs/gcc/Warning-Options.html#index-Wdeprecated-declarations-Wdeprecated-declarations]8;;[m[K]
  186 |     auto ok_plan = (move_group_.plan(plan) == moveit::planning_interface::MoveItErrorCode::[01;35m[KSUCCESS[m[K);
      |                                                                                            [01;35m[K^~~~~~~[m[K
In file included from [01m[K/home/changgyu/roarm_ws/roarm_ws_em0/src/roarm_main/roarm_moveit_cmd/src/movepointcmd.cpp:13[m[K:
[01m[K/opt/ros/humble/include/moveit/move_group_interface/move_group_interface.h:71:7:[m[K [01;36m[Knote: [m[Kdeclared here
   71 | using [01;36m[KMoveItErrorCode[m[K [[deprecated("Use moveit::core::MoveItErrorCode")]] = moveit::core::MoveItErrorCode;
      |       [01;36m[K^~~~~~~~~~~~~~~[m[K
[01m[K/home/changgyu/roarm_ws/roarm_ws_em0/src/roarm_main/roarm_moveit_cmd/src/movepointcmd.cpp:191:95:[m[K [01;35m[Kwarning: [m[K‘[01m[Kusing MoveItErrorCode = class moveit::core::MoveItErrorCode[m[K’ is deprecated: Use moveit::core::MoveItErrorCode [[01;35m[K]8;;https://gcc.gnu.org/onlinedocs/gcc/Warning-Options.html#index-Wdeprecated-declarations-Wdeprecated-declarations]8;;[m[K]
  191 |     auto ok_exec = (move_group_.execute(plan) == moveit::planning_interface::MoveItErrorCode::[01;35m[KSUCCESS[m[K);
      |                                                                                               [01;35m[K^~~~~~~[m[K
In file included from [01m[K/home/changgyu/roarm_ws/roarm_ws_em0/src/roarm_main/roarm_moveit_cmd/src/movepointcmd.cpp:13[m[K:
[01m[K/opt/ros/humble/include/moveit/move_group_interface/move_group_interface.h:71:7:[m[K [01;36m[Knote: [m[Kdeclared here
   71 | using [01;36m[KMoveItErrorCode[m[K [[deprecated("Use moveit::core::MoveItErrorCode")]] = moveit::core::MoveItErrorCode;
      |       [01;36m[K^~~~~~~~~~~~~~~[m[K
[01m[K/home/changgyu/roarm_ws/roarm_ws_em0/src/roarm_main/roarm_moveit_cmd/src/movepointcmd.cpp:[m[K In member function ‘[01m[Kvoid MovePointCmdNode::handle_service(std::shared_ptr<std_srvs::srv::Trigger_Request_<std::allocator<void> > >, std::shared_ptr<std_srvs::srv::Trigger_Response_<std::allocator<void> > >)[m[K’:
[01m[K/home/changgyu/roarm_ws/roarm_ws_em0/src/roarm_main/roarm_moveit_cmd/src/movepointcmd.cpp:237:94:[m[K [01;31m[Kerror: [m[Kexpected primary-expression before ‘[01m[K,[m[K’ token
  237 |         { -0.8403052913071393, -0.02778343778951051, 2.630667232699378, 1.9099134588241577 },[01;31m[K,[m[K
      |                                                                                              [01;31m[K^[m[K
[01m[K/home/changgyu/roarm_ws/roarm_ws_em0/src/roarm_main/roarm_moveit_cmd/src/movepointcmd.cpp:238:5:[m[K [01;31m[Kerror: [m[Kcould not convert ‘[01m[K{{-1.0496788810072861e+0, 1.374368037580245e-1, 1.0448480025621656e+0, 7.8142074678746631e-1}, {-1.0113006560941213e+0, 8.9939452224512745e-2, 1.2210301484583856e+0, 7.8142074678746631e-1}, {-9.1445535322600136e-1, 8.9955888656977914e-2, 1.5306544444219132e+0, 1.0377154950488481e+0}, {-8.722301045975579e-1, 9.0025510673079109e-2, 1.7575928832800372e+0, 1.2268693687521695e+0}, {-8.1130987463577076e-1, 8.9913264128796314e-2, 2.0821270423151579e+0, 1.4747739520934298e+0}, {-7.8398263953110225e-1, 9.0062875671114109e-2, 2.3491530317518237e+0, 1.6199134308491603e+0}, {-8.4690882098865661e-1, 8.9973160702632227e-2, 2.495530445657399e+0, 1.8199134588241577e+0}, {-8.4983499763145576e-1, 8.9992721129485156e-2, 2.6131885920299971e+0, 1.9099134588241578e+0}, {-8.4030529130713927e-1, -2.778343778951051e-2, 2.6306672326993779e+0, 1.9099134588241578e+0}, <expression error>}[m[K’ from ‘[01m[K<brace-enclosed initializer list>[m[K’ to ‘[01m[Kconst std::vector<JointWaypoint>[m[K’
  238 |     [01;31m[K}[m[K;
      |     [01;31m[K^[m[K
      |     [01;31m[K|[m[K
      |     [01;31m[K<brace-enclosed initializer list>[m[K
gmake[2]: *** [CMakeFiles/movepointcmd.dir/build.make:76: CMakeFiles/movepointcmd.dir/src/movepointcmd.cpp.o] 오류 1
gmake[1]: *** [CMakeFiles/Makefile2:227: CMakeFiles/movepointcmd.dir/all] 오류 2
gmake: *** [Makefile:146: all] 오류 2
