[0.031s] Invoking command in '/home/changgyu/roarm_ws/roarm_ws_em0/build/roarm_description': /usr/local/bin/cmake /home/changgyu/roarm_ws/roarm_ws_em0/src/roarm_main/roarm_description -DCMAKE_INSTALL_PREFIX=/home/changgyu/roarm_ws/roarm_ws_em0/install/roarm_description
[0.485s] -- The C compiler identification is GNU 11.4.0
[0.485s] -- The CXX compiler identification is GNU 11.4.0
[0.485s] -- Detecting C compiler ABI info
[0.485s] -- Detecting C compiler ABI info - done
[0.485s] -- Check for working C compiler: /usr/bin/cc - skipped
[0.485s] -- Detecting C compile features
[0.485s] -- Detecting C compile features - done
[0.485s] -- Detecting CXX compiler ABI info
[0.538s] -- Detecting CXX compiler ABI info - done
[0.571s] -- Check for working CXX compiler: /usr/bin/c++ - skipped
[0.572s] -- Detecting CXX compile features
[0.573s] -- Detecting CXX compile features - done
[0.592s] [31mCMake Error at CMakeLists.txt:9 (find_package):
[0.593s]   By not providing "Findament_cmake.cmake" in CMAKE_MODULE_PATH this project
[0.595s]   has asked CMake to find a package configuration file provided by
[0.596s]   "ament_cmake", but CMake did not find one.
[0.596s] 
[0.597s]   Could not find a package configuration file provided by "ament_cmake" with
[0.597s]   any of the following names:
[0.597s] 
[0.598s]     ament_cmakeConfig.cmake
[0.598s]     ament_cmake-config.cmake
[0.598s] 
[0.598s]   Add the installation prefix of "ament_cmake" to CMAKE_PREFIX_PATH or set
[0.599s]   "ament_cmake_DIR" to a directory containing one of the above files.  If
[0.599s]   "ament_cmake" provides a separate development package or SDK, be sure it
[0.599s]   has been installed.
[0.600s] 
[0.600s] [0m
[0.600s] -- Configuring incomplete, errors occurred!
